# Logfile created on 2016-12-19 14:17:50 +0700 by logger.rb/53141
I, [2016-12-19T14:17:50.085351 #47487]  INFO -- : Perform https://app.sandbox.veritrans.co.id/snap/v1/charge 
Sending: {"transaction_details":{"order_id":"50.4253","gross_amount":50000}}
I, [2016-12-19T14:17:59.009564 #47487]  INFO -- : Success https://app.sandbox.veritrans.co.id/snap/v1/charge 
Got: {"token_id":"b2c36ec8-f449-4f8a-9570-45c2ef02f46b"}

I, [2016-12-19T14:20:37.446760 #47487]  INFO -- : Perform https://app.sandbox.veritrans.co.id/snap/v1/charge 
Sending: {"transaction_details":{"order_id":"50.1276","gross_amount":50000}}
I, [2016-12-19T14:20:37.789618 #47487]  INFO -- : Success https://app.sandbox.veritrans.co.id/snap/v1/charge 
Got: {"token_id":"c66bbdc1-1508-4d80-91e7-52f63c5137e8"}

I, [2016-12-19T14:29:35.213296 #47924]  INFO -- : Perform https://app.sandbox.veritrans.co.id/snap/v1/charge 
Sending: {"transaction_details":{"order_id":"50.8646","gross_amount":50000}}
I, [2016-12-19T14:29:35.452277 #47924]  INFO -- : Success https://app.sandbox.veritrans.co.id/snap/v1/charge 
Got: {"token_id":"29ac9107-d88d-4ce6-9301-272c8a5ccfb2"}

I, [2016-12-19T14:32:21.912606 #47924]  INFO -- : Perform https://app.sandbox.veritrans.co.id/snap/v1/charge 
Sending: {"transaction_details":{"order_id":"50.6121","gross_amount":50000}}
I, [2016-12-19T14:32:22.343005 #47924]  INFO -- : Success https://app.sandbox.veritrans.co.id/snap/v1/charge 
Got: {"token_id":"ec1e88d3-4ce0-48ff-9ec5-e944d6dc7daf"}

I, [2016-12-19T14:32:49.003459 #48061]  INFO -- : Perform https://app.sandbox.veritrans.co.id/snap/v1/charge 
Sending: {"transaction_details":{"order_id":"50.9967","gross_amount":50000}}
I, [2016-12-19T14:32:49.361341 #48061]  INFO -- : Success https://app.sandbox.veritrans.co.id/snap/v1/charge 
Got: {"token_id":"8ebd7a4d-76d5-4b1f-9f3b-812df970e64b"}

I, [2016-12-19T14:33:24.995084 #48132]  INFO -- : Perform https://app.sandbox.veritrans.co.id/snap/v1/charge 
Sending: {"transaction_details":{"order_id":"50.5535","gross_amount":50000}}
I, [2016-12-19T14:33:26.192282 #48132]  INFO -- : Success https://app.sandbox.veritrans.co.id/snap/v1/charge 
Got: {"token_id":"b03c0865-19dd-4bcf-86b2-1f859cc809b0"}

I, [2016-12-19T14:36:55.217029 #48396]  INFO -- : Perform https://app.sandbox.veritrans.co.id/snap/v1/charge 
Sending: {"transaction_details":{"order_id":"50.0808","gross_amount":50000}}
I, [2016-12-19T14:36:56.537318 #48396]  INFO -- : Success https://app.sandbox.veritrans.co.id/snap/v1/charge 
Got: {}

I, [2016-12-19T14:37:38.640741 #48492]  INFO -- : Perform https://app.sandbox.veritrans.co.id/snap/v1/charge 
Sending: {"transaction_details":{"order_id":"50.2643","gross_amount":50000}}
I, [2016-12-19T14:37:39.912079 #48492]  INFO -- : Success https://app.sandbox.veritrans.co.id/snap/v1/charge 
Got: {"token_id":"1936feb8-620b-4b63-9440-e2cfdc3fcc96"}

I, [2016-12-19T14:48:38.155335 #49009]  INFO -- : Perform https://app.sandbox.veritrans.co.id/snap/v1/charge 
Sending: {"transaction_details":{"order_id":"50.7839","gross_amount":50000}}
I, [2016-12-19T14:49:06.500924 #49116]  INFO -- : Perform https://app.sandbox.veritrans.co.id/snap/v1/charge 
Sending: {"transaction_details":{"order_id":"50.7493","gross_amount":50000}}
I, [2016-12-19T15:28:28.872882 #51361]  INFO -- : Perform https://app.sandbox.veritrans.co.id/snap/v1/transactions 
Sending: {"transaction_details":{"order_id":"50.9225","gross_amount":50000}}
I, [2016-12-19T15:28:56.179519 #51510]  INFO -- : Perform https://app.sandbox.veritrans.co.id/snap/v1/transactions 
Sending: {"transaction_details":{"order_id":"50.259","gross_amount":50000}}
I, [2016-12-19T15:28:57.614742 #51510]  INFO -- : Success https://app.sandbox.veritrans.co.id/snap/v1/transactions 
Got: {"token":"bd2ba5db-4171-4f16-89f8-ca0d7441b4a4"}

I, [2016-12-19T15:50:13.106724 #52065]  INFO -- : Perform https://app.sandbox.veritrans.co.id/snap/v1/transactions 
Sending: {"transaction_details":{"order_id":"50.6368","gross_amount":50000}}
I, [2016-12-19T15:50:14.186867 #52065]  INFO -- : Success https://app.sandbox.veritrans.co.id/snap/v1/transactions 
Got: {"token":"c2cbf673-9e7a-4308-8033-bb974e33d466"}

I, [2016-12-19T15:50:39.359007 #52065]  INFO -- : Perform https://app.sandbox.veritrans.co.id/snap/v1/transactions 
Sending: {"transaction_details":{"order_id":"50.864","gross_amount":50000}}
I, [2016-12-19T15:50:40.901719 #52065]  INFO -- : Success https://app.sandbox.veritrans.co.id/snap/v1/transactions 
Got: {"token":"086c222d-3f71-4146-9ac3-a02496a3fd3e"}

I, [2016-12-19T15:50:40.915932 #52065]  INFO -- : Perform https://app.sandbox.veritrans.co.id/snap/v1/transactions 
Sending: {"transaction_details":{"order_id":"50.6375","gross_amount":50000}}
I, [2016-12-19T15:50:42.913292 #52065]  INFO -- : Success https://app.sandbox.veritrans.co.id/snap/v1/transactions 
Got: {"token":"ec3c0fc7-a263-430a-a4a8-f25b9de426ec"}

I, [2016-12-19T15:52:01.664053 #52065]  INFO -- : Perform https://app.sandbox.veritrans.co.id/snap/v1/transactions 
Sending: {"transaction_details":{"order_id":"50.6938","gross_amount":50000}}
I, [2016-12-19T15:52:02.808781 #52065]  INFO -- : Success https://app.sandbox.veritrans.co.id/snap/v1/transactions 
Got: {"token":"201e1ad9-b685-4805-b75c-fc5382bb0797"}

I, [2016-12-19T16:19:30.895956 #52065]  INFO -- : Perform https://app.sandbox.veritrans.co.id/snap/v1/transactions 
Sending: {"transaction_details":{"order_id":"50.0898","gross_amount":50000}}
I, [2016-12-19T16:19:31.809519 #52065]  INFO -- : Success https://app.sandbox.veritrans.co.id/snap/v1/transactions 
Got: {"token":"7dd0da1b-7e15-471a-9353-a054c81b9ce1"}

I, [2016-12-19T16:19:33.530556 #52065]  INFO -- : Perform https://app.sandbox.veritrans.co.id/snap/v1/transactions 
Sending: {"transaction_details":{"order_id":"50.2334","gross_amount":50000}}
I, [2016-12-19T16:19:34.829497 #52065]  INFO -- : Success https://app.sandbox.veritrans.co.id/snap/v1/transactions 
Got: {"token":"dfb564e5-6faa-4fab-8ec0-b98b9a32b930"}

I, [2016-12-19T16:19:34.838951 #52065]  INFO -- : Perform https://app.sandbox.veritrans.co.id/snap/v1/transactions 
Sending: {"transaction_details":{"order_id":"50.8255","gross_amount":50000}}
I, [2016-12-19T16:19:35.863309 #52065]  INFO -- : Success https://app.sandbox.veritrans.co.id/snap/v1/transactions 
Got: {"token":"866e6bda-fd4e-4a75-9584-3c3d98952263"}

I, [2016-12-19T16:19:55.374532 #52065]  INFO -- : Perform https://app.sandbox.veritrans.co.id/snap/v1/transactions 
Sending: {"transaction_details":{"order_id":"50.758","gross_amount":50000}}
I, [2016-12-19T16:19:56.534197 #52065]  INFO -- : Success https://app.sandbox.veritrans.co.id/snap/v1/transactions 
Got: {"token":"a3d143a6-0309-4c27-ac8c-a3a4d93f1fb6"}

I, [2016-12-19T16:19:57.549380 #52065]  INFO -- : Perform https://app.sandbox.veritrans.co.id/snap/v1/transactions 
Sending: {"transaction_details":{"order_id":"50.1595","gross_amount":50000}}
I, [2016-12-19T16:19:58.075622 #52065]  INFO -- : Success https://app.sandbox.veritrans.co.id/snap/v1/transactions 
Got: {"token":"41ecd977-0487-4fab-9340-78c2d43625ac"}

I, [2016-12-19T16:21:42.667358 #52065]  INFO -- : Perform https://app.sandbox.veritrans.co.id/snap/v1/transactions 
Sending: {"transaction_details":{"order_id":"50.8373","gross_amount":50000}}
I, [2016-12-19T16:21:44.459156 #52065]  INFO -- : Success https://app.sandbox.veritrans.co.id/snap/v1/transactions 
Got: {"token":"7aa19896-67a2-47b7-9c96-780a1b2a7422"}

I, [2016-12-19T16:22:53.832891 #52065]  INFO -- : Perform https://app.sandbox.veritrans.co.id/snap/v1/transactions 
Sending: {"transaction_details":{"order_id":"50.2764","gross_amount":50000}}
I, [2016-12-19T16:22:55.122281 #52065]  INFO -- : Success https://app.sandbox.veritrans.co.id/snap/v1/transactions 
Got: {"token":"087f57cc-dafe-4838-8e37-3923da28e984"}

I, [2016-12-19T16:22:55.138889 #52065]  INFO -- : Perform https://app.sandbox.veritrans.co.id/snap/v1/transactions 
Sending: {"transaction_details":{"order_id":"50.7352","gross_amount":50000}}
I, [2016-12-19T16:23:02.527980 #52065]  INFO -- : Success https://app.sandbox.veritrans.co.id/snap/v1/transactions 
Got: {"token":"da100a80-b895-4130-8442-ff557712b927"}

I, [2016-12-19T16:23:02.538723 #52065]  INFO -- : Perform https://app.sandbox.veritrans.co.id/snap/v1/transactions 
Sending: {"transaction_details":{"order_id":"50.007","gross_amount":50000}}
I, [2016-12-19T16:23:03.830871 #52065]  INFO -- : Success https://app.sandbox.veritrans.co.id/snap/v1/transactions 
Got: {"token":"6e7e3d5e-af32-46ef-9481-648cfb3e94ee"}

I, [2016-12-19T16:24:13.398408 #52065]  INFO -- : Perform https://app.sandbox.veritrans.co.id/snap/v1/transactions 
Sending: {"transaction_details":{"order_id":"50.5896","gross_amount":50000}}
I, [2016-12-19T16:24:13.824432 #52065]  INFO -- : Success https://app.sandbox.veritrans.co.id/snap/v1/transactions 
Got: {"token":"161f909b-4073-4aed-ac1c-2c22a3eb7d1f"}

I, [2016-12-19T16:24:29.816176 #52065]  INFO -- : Perform https://app.sandbox.veritrans.co.id/snap/v1/transactions 
Sending: {"transaction_details":{"order_id":"50.8481","gross_amount":50000}}
I, [2016-12-19T16:24:30.041885 #52065]  INFO -- : Success https://app.sandbox.veritrans.co.id/snap/v1/transactions 
Got: {"token":"b804ca90-6868-45ea-8703-4b35ec4b32fb"}

I, [2016-12-19T16:24:31.232756 #52065]  INFO -- : Perform https://app.sandbox.veritrans.co.id/snap/v1/transactions 
Sending: {"transaction_details":{"order_id":"50.9088","gross_amount":50000}}
I, [2016-12-19T16:24:31.909566 #52065]  INFO -- : Success https://app.sandbox.veritrans.co.id/snap/v1/transactions 
Got: {"token":"d77a7498-770a-44c7-839c-3987a387f139"}

I, [2016-12-19T16:25:06.464395 #52065]  INFO -- : Perform https://app.sandbox.veritrans.co.id/snap/v1/transactions 
Sending: {"transaction_details":{"order_id":"50.7273","gross_amount":50000}}
I, [2016-12-19T16:25:07.681234 #52065]  INFO -- : Success https://app.sandbox.veritrans.co.id/snap/v1/transactions 
Got: {"token":"42b0e456-f608-459d-9158-ccd800497872"}

I, [2016-12-19T16:25:08.676983 #52065]  INFO -- : Perform https://app.sandbox.veritrans.co.id/snap/v1/transactions 
Sending: {"transaction_details":{"order_id":"50.1522","gross_amount":50000}}
I, [2016-12-19T16:25:09.685892 #52065]  INFO -- : Success https://app.sandbox.veritrans.co.id/snap/v1/transactions 
Got: {"token":"200c1c1f-6ae8-4f5f-9352-083ab8ddb3bb"}

I, [2016-12-19T16:25:32.607735 #52065]  INFO -- : Perform https://app.sandbox.veritrans.co.id/snap/v1/transactions 
Sending: {"transaction_details":{"order_id":"50.345","gross_amount":50000}}
I, [2016-12-19T16:25:33.921377 #52065]  INFO -- : Success https://app.sandbox.veritrans.co.id/snap/v1/transactions 
Got: {"token":"719b8bd8-17e6-40f3-b4c5-35556580698c"}

I, [2016-12-19T16:25:34.548568 #52065]  INFO -- : Perform https://app.sandbox.veritrans.co.id/snap/v1/transactions 
Sending: {"transaction_details":{"order_id":"50.1922","gross_amount":50000}}
I, [2016-12-19T16:25:35.435390 #52065]  INFO -- : Success https://app.sandbox.veritrans.co.id/snap/v1/transactions 
Got: {"token":"611248a7-3a7e-4f98-a3d9-e725e5fa731a"}

I, [2016-12-19T16:27:08.629610 #52065]  INFO -- : Perform https://app.sandbox.veritrans.co.id/snap/v1/transactions 
Sending: {"transaction_details":{"order_id":"50.2808","gross_amount":50000}}
I, [2016-12-19T16:27:09.577697 #52065]  INFO -- : Success https://app.sandbox.veritrans.co.id/snap/v1/transactions 
Got: {"token":"56e16bf4-42af-436b-a94f-345fd7f0aee2"}

I, [2016-12-19T16:27:10.680383 #52065]  INFO -- : Perform https://app.sandbox.veritrans.co.id/snap/v1/transactions 
Sending: {"transaction_details":{"order_id":"50.432","gross_amount":50000}}
I, [2016-12-19T16:27:11.956268 #52065]  INFO -- : Success https://app.sandbox.veritrans.co.id/snap/v1/transactions 
Got: {"token":"33c99640-f1b7-47f8-99e4-ff6facae2402"}

I, [2016-12-19T16:27:28.204815 #52065]  INFO -- : Perform https://app.sandbox.veritrans.co.id/snap/v1/transactions 
Sending: {"transaction_details":{"order_id":"50.8824","gross_amount":50000}}
I, [2016-12-19T16:27:30.119301 #52065]  INFO -- : Success https://app.sandbox.veritrans.co.id/snap/v1/transactions 
Got: {"token":"d8535781-a6d4-4172-94f7-ef645caee005"}

I, [2016-12-19T16:27:31.116351 #52065]  INFO -- : Perform https://app.sandbox.veritrans.co.id/snap/v1/transactions 
Sending: {"transaction_details":{"order_id":"50.5045","gross_amount":50000}}
I, [2016-12-19T16:27:31.521166 #52065]  INFO -- : Success https://app.sandbox.veritrans.co.id/snap/v1/transactions 
Got: {"token":"a10c5a13-b82f-47ed-aa09-40176c40d09e"}

I, [2016-12-19T16:27:32.374683 #52065]  INFO -- : Perform https://app.sandbox.veritrans.co.id/snap/v1/transactions 
Sending: {"transaction_details":{"order_id":"50.2368","gross_amount":50000}}
I, [2016-12-19T16:27:36.166132 #52065]  INFO -- : Success https://app.sandbox.veritrans.co.id/snap/v1/transactions 
Got: {"token":"2b6e8c84-5a30-4c6e-b0c3-da7e35628c40"}

I, [2016-12-19T16:31:17.218972 #52065]  INFO -- : Perform https://app.sandbox.veritrans.co.id/snap/v1/transactions 
Sending: {"transaction_details":{"order_id":"50.4838","gross_amount":50000}}
I, [2016-12-19T16:31:17.712460 #52065]  INFO -- : Success https://app.sandbox.veritrans.co.id/snap/v1/transactions 
Got: {"token":"0cfdba1c-5c10-4b12-bb10-03ede66e43d6"}

I, [2016-12-19T16:31:20.483513 #52065]  INFO -- : Perform https://app.sandbox.veritrans.co.id/snap/v1/transactions 
Sending: {"transaction_details":{"order_id":"50.0681","gross_amount":50000}}
I, [2016-12-19T16:31:21.252440 #52065]  INFO -- : Success https://app.sandbox.veritrans.co.id/snap/v1/transactions 
Got: {"token":"89f9c542-206b-4506-acc5-37b9fc75656f"}

I, [2016-12-19T16:35:16.998680 #52065]  INFO -- : Perform https://app.sandbox.veritrans.co.id/snap/v1/transactions 
Sending: {"transaction_details":{"order_id":"50.2239","gross_amount":50000}}
I, [2016-12-19T16:35:18.270552 #52065]  INFO -- : Success https://app.sandbox.veritrans.co.id/snap/v1/transactions 
Got: {"token":"92a6d591-02d6-44a1-8f7e-02801aec4798"}

I, [2016-12-19T16:35:19.653495 #52065]  INFO -- : Perform https://app.sandbox.veritrans.co.id/snap/v1/transactions 
Sending: {"transaction_details":{"order_id":"50.8793","gross_amount":50000}}
I, [2016-12-19T16:35:20.928023 #52065]  INFO -- : Success https://app.sandbox.veritrans.co.id/snap/v1/transactions 
Got: {"token":"af54185a-65f2-4a59-881a-cc4bd3c7e806"}

I, [2016-12-19T16:35:48.463347 #52065]  INFO -- : Perform https://app.sandbox.veritrans.co.id/snap/v1/transactions 
Sending: {"transaction_details":{"order_id":"50.4266","gross_amount":50000}}
I, [2016-12-19T16:35:50.096961 #52065]  INFO -- : Success https://app.sandbox.veritrans.co.id/snap/v1/transactions 
Got: {"token":"5c0098bd-8e2d-4e14-94e3-9e6dcb8babe2"}

I, [2016-12-19T16:35:52.213217 #52065]  INFO -- : Perform https://app.sandbox.veritrans.co.id/snap/v1/transactions 
Sending: {"transaction_details":{"order_id":"50.7987","gross_amount":50000}}
I, [2016-12-19T16:35:53.349584 #52065]  INFO -- : Success https://app.sandbox.veritrans.co.id/snap/v1/transactions 
Got: {"token":"5908c517-c02e-4134-8fd6-b5df96fd3add"}

I, [2016-12-19T16:37:01.779735 #52065]  INFO -- : Perform https://app.sandbox.veritrans.co.id/snap/v1/transactions 
Sending: {"transaction_details":{"order_id":"50.1605","gross_amount":50000}}
I, [2016-12-19T16:37:03.494804 #52065]  INFO -- : Success https://app.sandbox.veritrans.co.id/snap/v1/transactions 
Got: {"token":"c81a5ce6-fd80-4457-a230-b90babcddd3c"}

I, [2016-12-19T16:37:37.374775 #52065]  INFO -- : Perform https://app.sandbox.veritrans.co.id/snap/v1/transactions 
Sending: {"transaction_details":{"order_id":"50.2333","gross_amount":50000}}
I, [2016-12-19T16:37:38.723199 #52065]  INFO -- : Success https://app.sandbox.veritrans.co.id/snap/v1/transactions 
Got: {"token":"b7c9ff5d-3dc0-4bf0-aeb5-b4691c240279"}

I, [2016-12-19T16:37:42.775755 #52065]  INFO -- : Perform https://app.sandbox.veritrans.co.id/snap/v1/transactions 
Sending: {"transaction_details":{"order_id":"50.6326","gross_amount":50000}}
I, [2016-12-19T16:37:43.260720 #52065]  INFO -- : Success https://app.sandbox.veritrans.co.id/snap/v1/transactions 
Got: {"token":"6e2081af-6c24-4719-b32e-144a1ff8eda0"}

I, [2016-12-19T16:38:39.415362 #52065]  INFO -- : Perform https://app.sandbox.veritrans.co.id/snap/v1/transactions 
Sending: {"transaction_details":{"order_id":"50.5682","gross_amount":50000}}
I, [2016-12-19T16:38:40.938176 #52065]  INFO -- : Success https://app.sandbox.veritrans.co.id/snap/v1/transactions 
Got: {"token":"e73053c8-cdbf-4252-bcd4-d72b33cdeeb0"}

I, [2016-12-19T16:40:04.452556 #52065]  INFO -- : Perform https://app.sandbox.veritrans.co.id/snap/v1/transactions 
Sending: {"transaction_details":{"order_id":"50.0671","gross_amount":50000}}
I, [2016-12-19T16:40:04.865013 #52065]  INFO -- : Success https://app.sandbox.veritrans.co.id/snap/v1/transactions 
Got: {"token":"78ceee32-0cf6-4bf3-a3ca-456b130265d1"}

I, [2016-12-19T16:40:20.475919 #52065]  INFO -- : Perform https://app.sandbox.veritrans.co.id/snap/v1/transactions 
Sending: {"transaction_details":{"order_id":"50.111","gross_amount":50000}}
I, [2016-12-19T16:40:20.714507 #52065]  INFO -- : Success https://app.sandbox.veritrans.co.id/snap/v1/transactions 
Got: {"token":"5b21eaf7-2ec3-4212-874b-67473bad289a"}

I, [2016-12-19T16:41:01.434938 #52065]  INFO -- : Perform https://app.sandbox.veritrans.co.id/snap/v1/transactions 
Sending: {"transaction_details":{"order_id":"50.0719","gross_amount":50000}}
I, [2016-12-19T16:41:02.754235 #52065]  INFO -- : Success https://app.sandbox.veritrans.co.id/snap/v1/transactions 
Got: {"token":"38cca986-f4ba-493e-93f7-1de9a02c3962"}

I, [2016-12-19T16:41:16.988473 #52065]  INFO -- : Perform https://app.sandbox.veritrans.co.id/snap/v1/transactions 
Sending: {"transaction_details":{"order_id":"50.7209","gross_amount":50000}}
I, [2016-12-19T16:41:18.110054 #52065]  INFO -- : Success https://app.sandbox.veritrans.co.id/snap/v1/transactions 
Got: {"token":"5f239fcb-95a0-4846-87c4-7d3450babafe"}

I, [2016-12-19T16:41:20.533266 #52065]  INFO -- : Perform https://app.sandbox.veritrans.co.id/snap/v1/transactions 
Sending: {"transaction_details":{"order_id":"50.3532","gross_amount":50000}}
I, [2016-12-19T16:41:20.942419 #52065]  INFO -- : Success https://app.sandbox.veritrans.co.id/snap/v1/transactions 
Got: {"token":"4f1ec0a4-63e2-441b-82ef-f776929e9d20"}

I, [2016-12-19T16:41:42.403303 #52065]  INFO -- : Perform https://app.sandbox.veritrans.co.id/snap/v1/transactions 
Sending: {"transaction_details":{"order_id":"50.9701","gross_amount":50000}}
I, [2016-12-19T16:41:43.388029 #52065]  INFO -- : Success https://app.sandbox.veritrans.co.id/snap/v1/transactions 
Got: {"token":"2cfd07af-5b24-46a6-b4ae-c2450b15debd"}

I, [2016-12-19T16:41:48.228825 #52065]  INFO -- : Perform https://app.sandbox.veritrans.co.id/snap/v1/transactions 
Sending: {"transaction_details":{"order_id":"50.2226","gross_amount":50000}}
I, [2016-12-19T16:41:48.571044 #52065]  INFO -- : Success https://app.sandbox.veritrans.co.id/snap/v1/transactions 
Got: {"token":"0e4846b1-4308-4f6f-a371-9c683d7afa4b"}

I, [2016-12-19T16:42:59.664564 #52065]  INFO -- : Perform https://app.sandbox.veritrans.co.id/snap/v1/transactions 
Sending: {"transaction_details":{"order_id":"50.751","gross_amount":50000}}
I, [2016-12-19T16:43:00.472785 #52065]  INFO -- : Success https://app.sandbox.veritrans.co.id/snap/v1/transactions 
Got: {"token":"8bf7fe1f-0cdf-45ec-8e68-37bb154f3740"}

I, [2016-12-19T16:43:04.620503 #52065]  INFO -- : Perform https://app.sandbox.veritrans.co.id/snap/v1/transactions 
Sending: {"transaction_details":{"order_id":"50.7853","gross_amount":50000}}
I, [2016-12-19T16:43:05.812720 #52065]  INFO -- : Success https://app.sandbox.veritrans.co.id/snap/v1/transactions 
Got: {"token":"d8eb0337-81f2-4bf3-9cfb-f9045f876d4d"}

I, [2016-12-19T16:43:05.826586 #52065]  INFO -- : Perform https://app.sandbox.veritrans.co.id/snap/v1/transactions 
Sending: {"transaction_details":{"order_id":"50.7631","gross_amount":50000}}
I, [2016-12-19T16:43:06.769592 #52065]  INFO -- : Success https://app.sandbox.veritrans.co.id/snap/v1/transactions 
Got: {"token":"3a64ba78-93d0-4f09-abb7-9382506874a8"}

I, [2016-12-19T16:43:36.622974 #52065]  INFO -- : Perform https://app.sandbox.veritrans.co.id/snap/v1/transactions 
Sending: {"transaction_details":{"order_id":"50.6406","gross_amount":50000}}
I, [2016-12-19T16:43:37.806021 #52065]  INFO -- : Success https://app.sandbox.veritrans.co.id/snap/v1/transactions 
Got: {"token":"72a2d090-7ea5-41c0-9041-87d3ae9b8799"}

I, [2016-12-19T16:43:37.816308 #52065]  INFO -- : Perform https://app.sandbox.veritrans.co.id/snap/v1/transactions 
Sending: {"transaction_details":{"order_id":"50.3818","gross_amount":50000}}
I, [2016-12-19T16:43:38.120237 #52065]  INFO -- : Success https://app.sandbox.veritrans.co.id/snap/v1/transactions 
Got: {"token":"3b2ca4dc-75d5-4846-b4d1-2d5b84196e93"}

I, [2016-12-19T16:43:41.013958 #52065]  INFO -- : Perform https://app.sandbox.veritrans.co.id/snap/v1/transactions 
Sending: {"transaction_details":{"order_id":"50.2587","gross_amount":50000}}
I, [2016-12-19T16:43:43.855688 #52065]  INFO -- : Success https://app.sandbox.veritrans.co.id/snap/v1/transactions 
Got: {"token":"4cb17954-534d-45d6-bf3f-5464dce43e4a"}

I, [2016-12-19T16:44:01.858163 #52065]  INFO -- : Perform https://app.sandbox.veritrans.co.id/snap/v1/transactions 
Sending: {"transaction_details":{"order_id":"50.3687","gross_amount":50000}}
I, [2016-12-19T16:44:02.650802 #52065]  INFO -- : Success https://app.sandbox.veritrans.co.id/snap/v1/transactions 
Got: {"token":"96c9a22a-475c-470e-8923-152cbe8cbb88"}

I, [2016-12-19T16:44:10.916106 #52065]  INFO -- : Perform https://app.sandbox.veritrans.co.id/snap/v1/transactions 
Sending: {"transaction_details":{"order_id":"50.1495","gross_amount":50000}}
I, [2016-12-19T16:44:12.122210 #52065]  INFO -- : Success https://app.sandbox.veritrans.co.id/snap/v1/transactions 
Got: {"token":"3765ef94-4dc5-4607-ad69-1a235ce34ff2"}

I, [2016-12-19T16:44:12.139993 #52065]  INFO -- : Perform https://app.sandbox.veritrans.co.id/snap/v1/transactions 
Sending: {"transaction_details":{"order_id":"50.7388","gross_amount":50000}}
I, [2016-12-19T16:44:13.263618 #52065]  INFO -- : Success https://app.sandbox.veritrans.co.id/snap/v1/transactions 
Got: {"token":"21358684-c971-4382-b0c9-57d3cd5d5f46"}

I, [2016-12-19T16:44:13.276126 #52065]  INFO -- : Perform https://app.sandbox.veritrans.co.id/snap/v1/transactions 
Sending: {"transaction_details":{"order_id":"50.4337","gross_amount":50000}}
I, [2016-12-19T16:44:14.371283 #52065]  INFO -- : Success https://app.sandbox.veritrans.co.id/snap/v1/transactions 
Got: {"token":"d946e01a-b2f0-4650-8a38-bd5ef80b3ab2"}

I, [2016-12-19T16:44:14.383426 #52065]  INFO -- : Perform https://app.sandbox.veritrans.co.id/snap/v1/transactions 
Sending: {"transaction_details":{"order_id":"50.5794","gross_amount":50000}}
I, [2016-12-19T16:44:15.176002 #52065]  INFO -- : Success https://app.sandbox.veritrans.co.id/snap/v1/transactions 
Got: {"token":"894c66b8-7ffd-4cfc-95e5-2ec9a226fa3d"}

I, [2016-12-19T16:44:15.188965 #52065]  INFO -- : Perform https://app.sandbox.veritrans.co.id/snap/v1/transactions 
Sending: {"transaction_details":{"order_id":"50.842","gross_amount":50000}}
I, [2016-12-19T16:44:15.509085 #52065]  INFO -- : Success https://app.sandbox.veritrans.co.id/snap/v1/transactions 
Got: {"token":"2fbf747e-22f4-49ab-9f3c-24d5967e896e"}

I, [2016-12-19T16:44:45.333821 #52065]  INFO -- : Perform https://app.sandbox.veritrans.co.id/snap/v1/transactions 
Sending: {"transaction_details":{"order_id":"50.3298","gross_amount":50000}}
I, [2016-12-19T16:44:45.522071 #52065]  INFO -- : Success https://app.sandbox.veritrans.co.id/snap/v1/transactions 
Got: {"token":"794880b2-43a5-4441-8908-9e51b049d193"}

I, [2016-12-19T16:44:47.533841 #52065]  INFO -- : Perform https://app.sandbox.veritrans.co.id/snap/v1/transactions 
Sending: {"transaction_details":{"order_id":"50.093","gross_amount":50000}}
I, [2016-12-19T16:44:48.560020 #52065]  INFO -- : Success https://app.sandbox.veritrans.co.id/snap/v1/transactions 
Got: {"token":"9ddcc00b-06e9-4178-8535-7663d7021f3e"}

I, [2016-12-19T16:45:10.537776 #52065]  INFO -- : Perform https://app.sandbox.veritrans.co.id/snap/v1/transactions 
Sending: {"transaction_details":{"order_id":"50.507","gross_amount":50000}}
I, [2016-12-19T16:45:12.450586 #52065]  INFO -- : Success https://app.sandbox.veritrans.co.id/snap/v1/transactions 
Got: {"token":"1f0040dc-db0b-4f53-931b-faa2da35b222"}

I, [2016-12-19T16:45:12.459744 #52065]  INFO -- : Perform https://app.sandbox.veritrans.co.id/snap/v1/transactions 
Sending: {"transaction_details":{"order_id":"50.3083","gross_amount":50000}}
I, [2016-12-19T16:45:12.788900 #52065]  INFO -- : Success https://app.sandbox.veritrans.co.id/snap/v1/transactions 
Got: {"token":"7ac9a9aa-138b-4a95-ad21-8fcccc9d1f06"}

I, [2016-12-19T16:45:16.214075 #52065]  INFO -- : Perform https://app.sandbox.veritrans.co.id/snap/v1/transactions 
Sending: {"transaction_details":{"order_id":"50.7707","gross_amount":50000}}
I, [2016-12-19T16:45:16.593504 #52065]  INFO -- : Success https://app.sandbox.veritrans.co.id/snap/v1/transactions 
Got: {"token":"44078386-a51e-432b-a637-8ba9749fa1c4"}

I, [2016-12-19T16:45:24.239588 #52065]  INFO -- : Perform https://app.sandbox.veritrans.co.id/snap/v1/transactions 
Sending: {"transaction_details":{"order_id":"50.7826","gross_amount":50000}}
I, [2016-12-19T16:45:25.242726 #52065]  INFO -- : Success https://app.sandbox.veritrans.co.id/snap/v1/transactions 
Got: {"token":"763d6d69-1eb6-4ccd-9fc1-5507b98e3d9b"}

I, [2016-12-19T16:45:48.203090 #52065]  INFO -- : Perform https://app.sandbox.veritrans.co.id/snap/v1/transactions 
Sending: {"transaction_details":{"order_id":"50.4963","gross_amount":50000}}
I, [2016-12-19T16:45:48.553223 #52065]  INFO -- : Success https://app.sandbox.veritrans.co.id/snap/v1/transactions 
Got: {"token":"0e117fd7-a555-427c-9ad0-64ca151df3a5"}

I, [2016-12-19T16:45:57.190384 #52065]  INFO -- : Perform https://app.sandbox.veritrans.co.id/snap/v1/transactions 
Sending: {"transaction_details":{"order_id":"50.3178","gross_amount":50000}}
I, [2016-12-19T16:45:58.055594 #52065]  INFO -- : Success https://app.sandbox.veritrans.co.id/snap/v1/transactions 
Got: {"token":"4175fe14-3d60-402a-b32b-bde62daccb96"}

I, [2016-12-19T16:46:10.909966 #52065]  INFO -- : Perform https://app.sandbox.veritrans.co.id/snap/v1/transactions 
Sending: {"transaction_details":{"order_id":"50.7528","gross_amount":50000}}
I, [2016-12-19T16:46:12.057348 #52065]  INFO -- : Success https://app.sandbox.veritrans.co.id/snap/v1/transactions 
Got: {"token":"8ba58e2e-581e-4ea5-8030-2d7d3eabc92a"}

I, [2016-12-19T16:46:15.960034 #52065]  INFO -- : Perform https://app.sandbox.veritrans.co.id/snap/v1/transactions 
Sending: {"transaction_details":{"order_id":"50.4064","gross_amount":50000}}
I, [2016-12-19T16:46:17.041247 #52065]  INFO -- : Success https://app.sandbox.veritrans.co.id/snap/v1/transactions 
Got: {"token":"749641fd-f51d-4437-9df4-ecd0dee4758e"}

I, [2016-12-19T16:46:30.391168 #52065]  INFO -- : Perform https://app.sandbox.veritrans.co.id/snap/v1/transactions 
Sending: {"transaction_details":{"order_id":"50.1474","gross_amount":50000}}
I, [2016-12-19T16:46:30.633372 #52065]  INFO -- : Success https://app.sandbox.veritrans.co.id/snap/v1/transactions 
Got: {"token":"f7a10f60-281a-4033-b094-6bf5fb0b3294"}

I, [2016-12-19T16:46:56.374517 #52065]  INFO -- : Perform https://app.sandbox.veritrans.co.id/snap/v1/transactions 
Sending: {"transaction_details":{"order_id":"50.5924","gross_amount":50000}}
I, [2016-12-19T16:46:57.550890 #52065]  INFO -- : Success https://app.sandbox.veritrans.co.id/snap/v1/transactions 
Got: {"token":"6fda1d84-c015-4d79-a25e-1d7d8cf7208f"}

I, [2016-12-19T16:47:00.437062 #52065]  INFO -- : Perform https://app.sandbox.veritrans.co.id/snap/v1/transactions 
Sending: {"transaction_details":{"order_id":"50.2875","gross_amount":50000}}
I, [2016-12-19T16:47:00.920137 #52065]  INFO -- : Success https://app.sandbox.veritrans.co.id/snap/v1/transactions 
Got: {"token":"72d72cbe-2181-4b51-aedd-64c6fc049833"}

I, [2016-12-19T16:47:15.812660 #52065]  INFO -- : Perform https://app.sandbox.veritrans.co.id/snap/v1/transactions 
Sending: {"transaction_details":{"order_id":"50.7552","gross_amount":50000}}
I, [2016-12-19T16:47:16.012364 #52065]  INFO -- : Success https://app.sandbox.veritrans.co.id/snap/v1/transactions 
Got: {"token":"84c59684-75fc-47ad-9717-76c96c7ed2f2"}

I, [2016-12-19T16:47:20.476850 #52065]  INFO -- : Perform https://app.sandbox.veritrans.co.id/snap/v1/transactions 
Sending: {"transaction_details":{"order_id":"50.5741","gross_amount":50000}}
I, [2016-12-19T16:47:21.816623 #52065]  INFO -- : Success https://app.sandbox.veritrans.co.id/snap/v1/transactions 
Got: {"token":"18dd065e-34a6-420a-8147-51ad10b9b9ac"}

I, [2016-12-19T16:47:21.827987 #52065]  INFO -- : Perform https://app.sandbox.veritrans.co.id/snap/v1/transactions 
Sending: {"transaction_details":{"order_id":"50.4159","gross_amount":50000}}
I, [2016-12-19T16:47:22.993863 #52065]  INFO -- : Success https://app.sandbox.veritrans.co.id/snap/v1/transactions 
Got: {"token":"d2e227d7-9b1b-4693-9857-3cb139628483"}

I, [2016-12-19T16:47:25.247633 #52065]  INFO -- : Perform https://app.sandbox.veritrans.co.id/snap/v1/transactions 
Sending: {"transaction_details":{"order_id":"50.1746","gross_amount":50000}}
I, [2016-12-19T16:47:26.292918 #52065]  INFO -- : Success https://app.sandbox.veritrans.co.id/snap/v1/transactions 
Got: {"token":"b2845cf1-aa66-4916-b501-57ecceb5dcd9"}

I, [2016-12-19T16:47:46.764269 #52065]  INFO -- : Perform https://app.sandbox.veritrans.co.id/snap/v1/transactions 
Sending: {"transaction_details":{"order_id":"50.6917","gross_amount":50000}}
I, [2016-12-19T16:47:47.160906 #52065]  INFO -- : Success https://app.sandbox.veritrans.co.id/snap/v1/transactions 
Got: {"token":"09b452ae-1fc2-4897-aa43-3a9e5cc73049"}

I, [2016-12-19T16:47:49.545810 #52065]  INFO -- : Perform https://app.sandbox.veritrans.co.id/snap/v1/transactions 
Sending: {"transaction_details":{"order_id":"50.256","gross_amount":50000}}
I, [2016-12-19T16:47:49.717339 #52065]  INFO -- : Success https://app.sandbox.veritrans.co.id/snap/v1/transactions 
Got: {"token":"15e92ef1-652a-40e2-b226-822d414d7f68"}

I, [2016-12-19T16:51:48.949313 #52065]  INFO -- : Perform https://app.sandbox.veritrans.co.id/snap/v1/transactions 
Sending: {"transaction_details":{"order_id":"50.8075","gross_amount":50000}}
I, [2016-12-19T16:51:50.097932 #52065]  INFO -- : Success https://app.sandbox.veritrans.co.id/snap/v1/transactions 
Got: {"token":"be2457c6-7523-4f52-b990-4fd3dd14708e"}

I, [2016-12-19T16:51:52.172960 #52065]  INFO -- : Perform https://app.sandbox.veritrans.co.id/snap/v1/transactions 
Sending: {"transaction_details":{"order_id":"50.7661","gross_amount":50000}}
I, [2016-12-19T16:51:53.389604 #52065]  INFO -- : Success https://app.sandbox.veritrans.co.id/snap/v1/transactions 
Got: {"token":"91f450a8-ecc7-4b92-895f-a00edcd10273"}

I, [2016-12-19T16:51:53.762514 #52065]  INFO -- : Perform https://app.sandbox.veritrans.co.id/snap/v1/transactions 
Sending: {"transaction_details":{"order_id":"50.4142","gross_amount":50000}}
I, [2016-12-19T16:51:55.414883 #52065]  INFO -- : Success https://app.sandbox.veritrans.co.id/snap/v1/transactions 
Got: {"token":"070f913e-99a9-4102-8af0-69cc5a7b485e"}

I, [2016-12-19T16:52:30.138077 #52065]  INFO -- : Perform https://app.sandbox.veritrans.co.id/snap/v1/transactions 
Sending: {"transaction_details":{"order_id":"50.4041","gross_amount":50000}}
I, [2016-12-19T16:52:30.478436 #52065]  INFO -- : Success https://app.sandbox.veritrans.co.id/snap/v1/transactions 
Got: {"token":"feb1b26f-a4b7-40d8-a65d-223fa265e43a"}

I, [2016-12-19T16:52:33.464883 #52065]  INFO -- : Perform https://app.sandbox.veritrans.co.id/snap/v1/transactions 
Sending: {"transaction_details":{"order_id":"50.622","gross_amount":50000}}
I, [2016-12-19T16:52:34.599613 #52065]  INFO -- : Success https://app.sandbox.veritrans.co.id/snap/v1/transactions 
Got: {"token":"83ce1dcf-d5bf-41fa-9bde-8a0baafe1e07"}

I, [2016-12-19T16:52:34.610307 #52065]  INFO -- : Perform https://app.sandbox.veritrans.co.id/snap/v1/transactions 
Sending: {"transaction_details":{"order_id":"50.4002","gross_amount":50000}}
I, [2016-12-19T16:52:35.702175 #52065]  INFO -- : Success https://app.sandbox.veritrans.co.id/snap/v1/transactions 
Got: {"token":"864d5a0c-7fa8-4074-9925-27dd5bd9c781"}

I, [2016-12-19T16:52:35.712658 #52065]  INFO -- : Perform https://app.sandbox.veritrans.co.id/snap/v1/transactions 
Sending: {"transaction_details":{"order_id":"50.1035","gross_amount":50000}}
I, [2016-12-19T16:52:36.044338 #52065]  INFO -- : Success https://app.sandbox.veritrans.co.id/snap/v1/transactions 
Got: {"token":"5b7206f4-dd51-4e59-9f5c-0b20b78c2311"}

I, [2016-12-19T16:52:36.054757 #52065]  INFO -- : Perform https://app.sandbox.veritrans.co.id/snap/v1/transactions 
Sending: {"transaction_details":{"order_id":"50.6912","gross_amount":50000}}
I, [2016-12-19T16:52:36.425176 #52065]  INFO -- : Success https://app.sandbox.veritrans.co.id/snap/v1/transactions 
Got: {"token":"44c879c5-9ac4-4e75-b6f6-bf0d013aa4dc"}

I, [2016-12-19T16:52:36.433617 #52065]  INFO -- : Perform https://app.sandbox.veritrans.co.id/snap/v1/transactions 
Sending: {"transaction_details":{"order_id":"50.5959","gross_amount":50000}}
I, [2016-12-19T16:52:37.602323 #52065]  INFO -- : Success https://app.sandbox.veritrans.co.id/snap/v1/transactions 
Got: {"token":"7a69361c-a173-4d88-ba8e-38efb04c5a2d"}

I, [2016-12-19T16:52:37.627476 #52065]  INFO -- : Perform https://app.sandbox.veritrans.co.id/snap/v1/transactions 
Sending: {"transaction_details":{"order_id":"50.0956","gross_amount":50000}}
I, [2016-12-19T16:52:37.897910 #52065]  INFO -- : Success https://app.sandbox.veritrans.co.id/snap/v1/transactions 
Got: {"token":"56f1f191-933d-4b45-b02b-0f5fd2512254"}

I, [2016-12-19T16:52:37.908727 #52065]  INFO -- : Perform https://app.sandbox.veritrans.co.id/snap/v1/transactions 
Sending: {"transaction_details":{"order_id":"50.8292","gross_amount":50000}}
I, [2016-12-19T16:52:38.726362 #52065]  INFO -- : Success https://app.sandbox.veritrans.co.id/snap/v1/transactions 
Got: {"token":"0d88b03f-9a2c-4cfe-be5b-a6eb03252416"}

I, [2016-12-19T16:53:18.802233 #52065]  INFO -- : Perform https://app.sandbox.veritrans.co.id/snap/v1/transactions 
Sending: {"transaction_details":{"order_id":"50.6064","gross_amount":50000}}
I, [2016-12-19T16:53:19.028305 #52065]  INFO -- : Success https://app.sandbox.veritrans.co.id/snap/v1/transactions 
Got: {"token":"a369be46-ae2f-497e-a5f2-3eb97bdfc2b2"}

I, [2016-12-19T16:53:21.741148 #52065]  INFO -- : Perform https://app.sandbox.veritrans.co.id/snap/v1/transactions 
Sending: {"transaction_details":{"order_id":"50.7072","gross_amount":50000}}
I, [2016-12-19T16:53:22.895254 #52065]  INFO -- : Success https://app.sandbox.veritrans.co.id/snap/v1/transactions 
Got: {"token":"b3cfd6e1-7d55-464e-a169-b5d013bca121"}

I, [2016-12-19T16:53:22.905927 #52065]  INFO -- : Perform https://app.sandbox.veritrans.co.id/snap/v1/transactions 
Sending: {"transaction_details":{"order_id":"50.3915","gross_amount":50000}}
I, [2016-12-19T16:53:23.006072 #52065]  INFO -- : Success https://app.sandbox.veritrans.co.id/snap/v1/transactions 
Got: {"token":"4383982f-8964-47b3-9c10-e0e8a3f90f89"}

I, [2016-12-19T16:53:44.316752 #52065]  INFO -- : Perform https://app.sandbox.veritrans.co.id/snap/v1/transactions 
Sending: {"transaction_details":{"order_id":"50.9651","gross_amount":50000}}
I, [2016-12-19T16:53:45.470778 #52065]  INFO -- : Success https://app.sandbox.veritrans.co.id/snap/v1/transactions 
Got: {"token":"b86156d5-b08e-4e75-8b66-88842cbb1661"}

I, [2016-12-19T16:53:47.753514 #52065]  INFO -- : Perform https://app.sandbox.veritrans.co.id/snap/v1/transactions 
Sending: {"transaction_details":{"order_id":"50.1615","gross_amount":50000}}
I, [2016-12-19T16:53:48.864078 #52065]  INFO -- : Success https://app.sandbox.veritrans.co.id/snap/v1/transactions 
Got: {"token":"f4cd080c-d380-4e10-a48f-3bdf71bfc382"}

I, [2016-12-19T16:53:49.847311 #52065]  INFO -- : Perform https://app.sandbox.veritrans.co.id/snap/v1/transactions 
Sending: {"transaction_details":{"order_id":"50.4639","gross_amount":50000}}
I, [2016-12-19T16:53:50.153406 #52065]  INFO -- : Success https://app.sandbox.veritrans.co.id/snap/v1/transactions 
Got: {"token":"b1ec4924-0ecb-4c7e-987e-23e3b3d01fd4"}

I, [2016-12-19T16:54:33.334271 #52065]  INFO -- : Perform https://app.sandbox.veritrans.co.id/snap/v1/transactions 
Sending: {"transaction_details":{"order_id":"50.8122","gross_amount":50000}}
I, [2016-12-19T16:54:34.478101 #52065]  INFO -- : Success https://app.sandbox.veritrans.co.id/snap/v1/transactions 
Got: {"token":"70979de2-0cea-4f37-adc6-7dba37ef1e70"}

I, [2016-12-19T16:54:35.323561 #52065]  INFO -- : Perform https://app.sandbox.veritrans.co.id/snap/v1/transactions 
Sending: {"transaction_details":{"order_id":"50.9861","gross_amount":50000}}
I, [2016-12-19T16:54:36.501078 #52065]  INFO -- : Success https://app.sandbox.veritrans.co.id/snap/v1/transactions 
Got: {"token":"695c81a9-6ce7-4a30-b1f1-a24bc92421eb"}

I, [2016-12-19T16:55:03.216978 #52065]  INFO -- : Perform https://app.sandbox.veritrans.co.id/snap/v1/transactions 
Sending: {"transaction_details":{"order_id":"50.0982","gross_amount":50000}}
I, [2016-12-19T16:55:04.335372 #52065]  INFO -- : Success https://app.sandbox.veritrans.co.id/snap/v1/transactions 
Got: {"token":"36b640a6-4b35-4e8a-9e91-641ed24fd8f0"}

I, [2016-12-19T16:55:12.790889 #52065]  INFO -- : Perform https://app.sandbox.veritrans.co.id/snap/v1/transactions 
Sending: {"transaction_details":{"order_id":"50.0878","gross_amount":50000}}
I, [2016-12-19T16:55:12.988424 #52065]  INFO -- : Success https://app.sandbox.veritrans.co.id/snap/v1/transactions 
Got: {"token":"5d436c18-1403-45f8-b2e5-f811a54c2fb9"}

I, [2016-12-19T16:55:15.152217 #52065]  INFO -- : Perform https://app.sandbox.veritrans.co.id/snap/v1/transactions 
Sending: {"transaction_details":{"order_id":"50.0914","gross_amount":50000}}
I, [2016-12-19T16:55:16.305481 #52065]  INFO -- : Success https://app.sandbox.veritrans.co.id/snap/v1/transactions 
Got: {"token":"2137225b-3de1-4a5a-9cc3-e37ccf0ff6bd"}

I, [2016-12-19T16:56:16.121218 #52065]  INFO -- : Perform https://app.sandbox.veritrans.co.id/snap/v1/transactions 
Sending: {"transaction_details":{"order_id":"50.339","gross_amount":50000}}
I, [2016-12-19T16:56:16.673552 #52065]  INFO -- : Success https://app.sandbox.veritrans.co.id/snap/v1/transactions 
Got: {"token":"f4ae5093-7c21-41dc-8a88-9130fac79601"}

I, [2016-12-19T16:56:20.445281 #52065]  INFO -- : Perform https://app.sandbox.veritrans.co.id/snap/v1/transactions 
Sending: {"transaction_details":{"order_id":"50.4649","gross_amount":50000}}
I, [2016-12-19T16:56:21.797044 #52065]  INFO -- : Success https://app.sandbox.veritrans.co.id/snap/v1/transactions 
Got: {"token":"d5f030af-e2bd-46c2-a836-6764955923dd"}

I, [2016-12-19T16:57:54.362324 #52065]  INFO -- : Perform https://app.sandbox.veritrans.co.id/snap/v1/transactions 
Sending: {"transaction_details":{"order_id":"50.8354","gross_amount":50000}}
I, [2016-12-19T16:57:55.083177 #52065]  INFO -- : Success https://app.sandbox.veritrans.co.id/snap/v1/transactions 
Got: {"token":"b9ef4926-85aa-45c9-9911-d45530cced54"}

I, [2016-12-19T16:57:57.305869 #52065]  INFO -- : Perform https://app.sandbox.veritrans.co.id/snap/v1/transactions 
Sending: {"transaction_details":{"order_id":"50.6305","gross_amount":50000}}
I, [2016-12-19T16:57:57.565620 #52065]  INFO -- : Success https://app.sandbox.veritrans.co.id/snap/v1/transactions 
Got: {"token":"bb645d2c-fc06-4833-9f2d-82d5b8468f85"}

I, [2016-12-19T16:58:21.361817 #53829]  INFO -- : Perform https://app.sandbox.veritrans.co.id/snap/v1/transactions 
Sending: {"transaction_details":{"order_id":"50.2711","gross_amount":50000}}
I, [2016-12-19T16:58:21.555222 #53829]  INFO -- : Success https://app.sandbox.veritrans.co.id/snap/v1/transactions 
Got: {"token":"df623efd-9a0f-41ab-8897-54d70d170d32"}

I, [2016-12-19T17:17:45.552548 #54253]  INFO -- : Perform https://app.sandbox.veritrans.co.id/snap/v1/transactions 
Sending: {"transaction_details":{"order_id":"50.6957","gross_amount":50000}}
I, [2016-12-19T17:17:45.897081 #54253]  INFO -- : Success https://app.sandbox.veritrans.co.id/snap/v1/transactions 
Got: {"token":"82e36a3c-3cba-47d0-a7e5-3095ea28040a"}

I, [2016-12-19T17:18:17.427935 #54253]  INFO -- : Perform https://app.sandbox.veritrans.co.id/snap/v1/transactions 
Sending: {"transaction_details":{"order_id":"50.1733","gross_amount":50000}}
I, [2016-12-19T17:18:20.233092 #54253]  INFO -- : Success https://app.sandbox.veritrans.co.id/snap/v1/transactions 
Got: {"token":"22b46739-c99c-4494-b69d-8096931c8db8"}

I, [2016-12-19T17:18:20.245128 #54253]  INFO -- : Perform https://app.sandbox.veritrans.co.id/snap/v1/transactions 
Sending: {"transaction_details":{"order_id":"50.9544","gross_amount":50000}}
I, [2016-12-19T17:18:21.591441 #54253]  INFO -- : Success https://app.sandbox.veritrans.co.id/snap/v1/transactions 
Got: {"token":"ac030426-5028-462f-b11f-b2a440ab85c2"}

I, [2016-12-19T17:18:21.600745 #54253]  INFO -- : Perform https://app.sandbox.veritrans.co.id/snap/v1/transactions 
Sending: {"transaction_details":{"order_id":"50.9107","gross_amount":50000}}
I, [2016-12-19T17:18:36.826412 #54253]  INFO -- : Success https://app.sandbox.veritrans.co.id/snap/v1/transactions 
Got: {"token":"dd89aba4-1e4f-43da-9f2c-57cac8c456f6"}

I, [2016-12-19T17:18:36.836172 #54253]  INFO -- : Perform https://app.sandbox.veritrans.co.id/snap/v1/transactions 
Sending: {"transaction_details":{"order_id":"50.6336","gross_amount":50000}}
I, [2016-12-19T17:18:38.494304 #54253]  INFO -- : Success https://app.sandbox.veritrans.co.id/snap/v1/transactions 
Got: {"token":"916965b2-1b14-46bb-844f-87fd640dd9ce"}

I, [2016-12-19T17:18:38.503766 #54253]  INFO -- : Perform https://app.sandbox.veritrans.co.id/snap/v1/transactions 
Sending: {"transaction_details":{"order_id":"50.8307","gross_amount":50000}}
I, [2016-12-19T17:18:55.334523 #54253]  INFO -- : Success https://app.sandbox.veritrans.co.id/snap/v1/transactions 
Got: {"token":"39002eac-250e-46ff-b8b1-1bc425218b26"}

I, [2016-12-19T17:25:08.600134 #54253]  INFO -- : Perform https://app.sandbox.veritrans.co.id/snap/v1/transactions 
Sending: {"transaction_details":{"order_id":"50.2866","gross_amount":50000}}
I, [2016-12-19T17:25:08.952687 #54253]  INFO -- : Success https://app.sandbox.veritrans.co.id/snap/v1/transactions 
Got: {"token":"3450e7fc-c856-479e-a324-92808a973f8d"}

I, [2016-12-19T17:25:39.190207 #54253]  INFO -- : Perform https://app.sandbox.veritrans.co.id/snap/v1/transactions 
Sending: {"transaction_details":{"order_id":"50.6502","gross_amount":50000}}
I, [2016-12-19T17:25:40.233359 #54253]  INFO -- : Success https://app.sandbox.veritrans.co.id/snap/v1/transactions 
Got: {"token":"bdfe3310-28cf-42f6-8d18-edc33b2a0fc5"}

I, [2016-12-19T17:26:04.097613 #54253]  INFO -- : Perform https://app.sandbox.veritrans.co.id/snap/v1/transactions 
Sending: {"transaction_details":{"order_id":"50.0509","gross_amount":50000}}
I, [2016-12-19T17:26:05.222041 #54253]  INFO -- : Success https://app.sandbox.veritrans.co.id/snap/v1/transactions 
Got: {"token":"f7a7cbe3-0ada-4f9a-9980-4c9aa6744bb0"}

I, [2016-12-19T17:57:37.705053 #54253]  INFO -- : Perform https://app.sandbox.veritrans.co.id/snap/v1/transactions 
Sending: {"transaction_details":{"order_id":"50.8292","gross_amount":50000}}
I, [2016-12-19T17:57:37.957826 #54253]  INFO -- : Success https://app.sandbox.veritrans.co.id/snap/v1/transactions 
Got: {"token":"5d78a0b2-6aa3-4873-b803-bd2ab8e2cbb1"}

I, [2016-12-19T18:11:44.020788 #57129]  INFO -- : Perform https://app.sandbox.veritrans.co.id/snap/v1/transactions 
Sending: {"transaction_details":{"order_id":"94ee373","gross_amount":20000}}
I, [2016-12-19T18:11:45.274453 #57129]  INFO -- : Success https://app.sandbox.veritrans.co.id/snap/v1/transactions 
Got: {"token":"26e182d7-5ccb-4d93-b884-a09e1ceafe04"}

I, [2016-12-20T13:34:59.008728 #87811]  INFO -- : Perform https://app.sandbox.veritrans.co.id/snap/v1/transactions 
Sending: {"transaction_details":{"order_id":"51ce1ba","gross_amount":50000}}
I, [2016-12-20T13:35:02.782858 #87811]  INFO -- : Success https://app.sandbox.veritrans.co.id/snap/v1/transactions 
Got: {"token":"a2bab3be-bd99-42e4-aa3f-507371124833"}

I, [2016-12-20T13:36:11.452602 #87811]  INFO -- : Perform https://app.sandbox.veritrans.co.id/snap/v1/transactions 
Sending: {"transaction_details":{"order_id":"5f48e91","gross_amount":50000}}
I, [2016-12-20T13:36:11.786247 #87811]  INFO -- : Success https://app.sandbox.veritrans.co.id/snap/v1/transactions 
Got: {"token":"4569e727-bd0b-48fb-8264-2488974548aa"}

I, [2016-12-20T13:51:24.254875 #88253]  INFO -- : Perform https://app.sandbox.veritrans.co.id/snap/v1/transactions 
Sending: {"transaction_details":{"order_id":"91e818d","gross_amount":250000}}
I, [2016-12-20T13:51:24.569924 #88253]  INFO -- : Success https://app.sandbox.veritrans.co.id/snap/v1/transactions 
Got: {"token":"3b41ec8d-131d-458e-b879-88e6aa4f9f44"}

I, [2016-12-20T13:54:21.109720 #88253]  INFO -- : Perform https://app.sandbox.veritrans.co.id/snap/v1/transactions 
Sending: {"transaction_details":{"order_id":"101124df","gross_amount":50000}}
I, [2016-12-20T13:54:22.586345 #88253]  INFO -- : Success https://app.sandbox.veritrans.co.id/snap/v1/transactions 
Got: {"token":"c7f81d48-e8d3-4eb7-aece-a5fe486ef1ba"}

