Started GET "/" for ::1 at 2016-12-21 15:54:19 +0700
Processing by Rails::WelcomeController#index as HTML
  Parameters: {"internal"=>true}
  Rendering /Users/adampahlevi/.rbenv/versions/2.3.0/lib/ruby/gems/2.3.0/gems/railties-5.0.1/lib/rails/templates/rails/welcome/index.html.erb
  Rendered /Users/adampahlevi/.rbenv/versions/2.3.0/lib/ruby/gems/2.3.0/gems/railties-5.0.1/lib/rails/templates/rails/welcome/index.html.erb (5.4ms)
Completed 200 OK in 28ms (Views: 13.0ms | ActiveRecord: 0.0ms)


Started GET "/cable" for ::1 at 2016-12-21 15:54:44 +0700
Started GET "/cable/" [WebSocket] for ::1 at 2016-12-21 15:54:54 +0700
Successfully upgraded to WebSocket (REQUEST_METHOD: GET, HTTP_CONNECTION: Upgrade, HTTP_UPGRADE: websocket)
Subscription class not found: "RoomsTextingChannel"
Started GET "/" for ::1 at 2016-12-21 15:54:57 +0700
Processing by HomeController#index as HTML
  Rendering home/index.html.erb within layouts/application
  Rendered home/index.html.erb within layouts/application (0.7ms)
Completed 200 OK in 427ms (Views: 424.3ms | ActiveRecord: 0.0ms)


Started GET "/" for ::1 at 2016-12-21 15:55:11 +0700
Processing by HomeController#index as HTML
  Rendering home/index.html.erb within layouts/application
  Rendered home/index.html.erb within layouts/application (0.4ms)
Completed 200 OK in 43ms (Views: 39.0ms | ActiveRecord: 0.0ms)


Started GET "/" for ::1 at 2016-12-21 15:55:15 +0700
Processing by HomeController#index as HTML
  Rendering home/index.html.erb within layouts/application
  Rendered home/index.html.erb within layouts/application (0.7ms)
Completed 200 OK in 91ms (Views: 82.9ms | ActiveRecord: 0.0ms)


Started GET "/" for ::1 at 2016-12-21 15:55:16 +0700
Processing by HomeController#index as HTML
  Rendering home/index.html.erb within layouts/application
  Rendered home/index.html.erb within layouts/application (0.5ms)
Completed 200 OK in 58ms (Views: 54.5ms | ActiveRecord: 0.0ms)


Started GET "/" for ::1 at 2016-12-21 15:55:27 +0700
Processing by HomeController#index as HTML
  Rendering home/index.html.erb within layouts/application
  Rendered home/index.html.erb within layouts/application (1.0ms)
Completed 200 OK in 65ms (Views: 61.1ms | ActiveRecord: 0.0ms)


Started GET "/" for ::1 at 2016-12-21 15:57:21 +0700
Processing by HomeController#index as HTML
  Rendering home/index.html.erb within layouts/application
  Rendered home/index.html.erb within layouts/application (0.4ms)
Completed 200 OK in 29ms (Views: 26.2ms | ActiveRecord: 0.0ms)


Started GET "/" for ::1 at 2016-12-21 16:11:33 +0700
  
ActiveRecord::PendingMigrationError (

Migrations are pending. To resolve this issue, run:

        bin/rails db:migrate RAILS_ENV=development

):
  
activerecord (5.0.1) lib/active_record/migration.rb:573:in `check_pending!'
activerecord (5.0.1) lib/active_record/migration.rb:549:in `call'
actionpack (5.0.1) lib/action_dispatch/middleware/callbacks.rb:38:in `block in call'
activesupport (5.0.1) lib/active_support/callbacks.rb:97:in `__run_callbacks__'
activesupport (5.0.1) lib/active_support/callbacks.rb:750:in `_run_call_callbacks'
activesupport (5.0.1) lib/active_support/callbacks.rb:90:in `run_callbacks'
actionpack (5.0.1) lib/action_dispatch/middleware/callbacks.rb:36:in `call'
actionpack (5.0.1) lib/action_dispatch/middleware/executor.rb:12:in `call'
actionpack (5.0.1) lib/action_dispatch/middleware/remote_ip.rb:79:in `call'
actionpack (5.0.1) lib/action_dispatch/middleware/debug_exceptions.rb:49:in `call'
web-console (3.4.0) lib/web_console/middleware.rb:135:in `call_app'
web-console (3.4.0) lib/web_console/middleware.rb:28:in `block in call'
web-console (3.4.0) lib/web_console/middleware.rb:18:in `catch'
web-console (3.4.0) lib/web_console/middleware.rb:18:in `call'
actionpack (5.0.1) lib/action_dispatch/middleware/show_exceptions.rb:31:in `call'
railties (5.0.1) lib/rails/rack/logger.rb:36:in `call_app'
railties (5.0.1) lib/rails/rack/logger.rb:24:in `block in call'
activesupport (5.0.1) lib/active_support/tagged_logging.rb:69:in `block in tagged'
activesupport (5.0.1) lib/active_support/tagged_logging.rb:26:in `tagged'
activesupport (5.0.1) lib/active_support/tagged_logging.rb:69:in `tagged'
railties (5.0.1) lib/rails/rack/logger.rb:24:in `call'
sprockets-rails (3.2.0) lib/sprockets/rails/quiet_assets.rb:13:in `call'
actionpack (5.0.1) lib/action_dispatch/middleware/request_id.rb:24:in `call'
rack (2.0.1) lib/rack/method_override.rb:22:in `call'
rack (2.0.1) lib/rack/runtime.rb:22:in `call'
activesupport (5.0.1) lib/active_support/cache/strategy/local_cache_middleware.rb:28:in `call'
actionpack (5.0.1) lib/action_dispatch/middleware/executor.rb:12:in `call'
actionpack (5.0.1) lib/action_dispatch/middleware/static.rb:136:in `call'
rack (2.0.1) lib/rack/sendfile.rb:111:in `call'
railties (5.0.1) lib/rails/engine.rb:522:in `call'
puma (3.6.2) lib/puma/configuration.rb:225:in `call'
puma (3.6.2) lib/puma/server.rb:578:in `handle_request'
puma (3.6.2) lib/puma/server.rb:415:in `process_client'
puma (3.6.2) lib/puma/server.rb:275:in `block in run'
puma (3.6.2) lib/puma/thread_pool.rb:116:in `block in spawn_thread'
  Rendering /Users/adampahlevi/.rbenv/versions/2.3.0/lib/ruby/gems/2.3.0/gems/actionpack-5.0.1/lib/action_dispatch/middleware/templates/rescues/diagnostics.html.erb within rescues/layout
  Rendering /Users/adampahlevi/.rbenv/versions/2.3.0/lib/ruby/gems/2.3.0/gems/actionpack-5.0.1/lib/action_dispatch/middleware/templates/rescues/_source.html.erb
  Rendered /Users/adampahlevi/.rbenv/versions/2.3.0/lib/ruby/gems/2.3.0/gems/actionpack-5.0.1/lib/action_dispatch/middleware/templates/rescues/_source.html.erb (3.1ms)
  Rendering /Users/adampahlevi/.rbenv/versions/2.3.0/lib/ruby/gems/2.3.0/gems/actionpack-5.0.1/lib/action_dispatch/middleware/templates/rescues/_trace.html.erb
  Rendered /Users/adampahlevi/.rbenv/versions/2.3.0/lib/ruby/gems/2.3.0/gems/actionpack-5.0.1/lib/action_dispatch/middleware/templates/rescues/_trace.html.erb (3.3ms)
  Rendering /Users/adampahlevi/.rbenv/versions/2.3.0/lib/ruby/gems/2.3.0/gems/actionpack-5.0.1/lib/action_dispatch/middleware/templates/rescues/_request_and_response.html.erb
  Rendered /Users/adampahlevi/.rbenv/versions/2.3.0/lib/ruby/gems/2.3.0/gems/actionpack-5.0.1/lib/action_dispatch/middleware/templates/rescues/_request_and_response.html.erb (1.4ms)
  Rendered /Users/adampahlevi/.rbenv/versions/2.3.0/lib/ruby/gems/2.3.0/gems/actionpack-5.0.1/lib/action_dispatch/middleware/templates/rescues/diagnostics.html.erb within rescues/layout (89.5ms)
Started GET "/cable" for ::1 at 2016-12-21 16:11:43 +0700
  
ActiveRecord::PendingMigrationError (

Migrations are pending. To resolve this issue, run:

        bin/rails db:migrate RAILS_ENV=development

):
  
activerecord (5.0.1) lib/active_record/migration.rb:573:in `check_pending!'
activerecord (5.0.1) lib/active_record/migration.rb:549:in `call'
actionpack (5.0.1) lib/action_dispatch/middleware/callbacks.rb:38:in `block in call'
activesupport (5.0.1) lib/active_support/callbacks.rb:97:in `__run_callbacks__'
activesupport (5.0.1) lib/active_support/callbacks.rb:750:in `_run_call_callbacks'
activesupport (5.0.1) lib/active_support/callbacks.rb:90:in `run_callbacks'
actionpack (5.0.1) lib/action_dispatch/middleware/callbacks.rb:36:in `call'
actionpack (5.0.1) lib/action_dispatch/middleware/executor.rb:12:in `call'
actionpack (5.0.1) lib/action_dispatch/middleware/remote_ip.rb:79:in `call'
actionpack (5.0.1) lib/action_dispatch/middleware/debug_exceptions.rb:49:in `call'
web-console (3.4.0) lib/web_console/middleware.rb:135:in `call_app'
web-console (3.4.0) lib/web_console/middleware.rb:28:in `block in call'
web-console (3.4.0) lib/web_console/middleware.rb:18:in `catch'
web-console (3.4.0) lib/web_console/middleware.rb:18:in `call'
actionpack (5.0.1) lib/action_dispatch/middleware/show_exceptions.rb:31:in `call'
railties (5.0.1) lib/rails/rack/logger.rb:36:in `call_app'
railties (5.0.1) lib/rails/rack/logger.rb:24:in `block in call'
activesupport (5.0.1) lib/active_support/tagged_logging.rb:69:in `block in tagged'
activesupport (5.0.1) lib/active_support/tagged_logging.rb:26:in `tagged'
activesupport (5.0.1) lib/active_support/tagged_logging.rb:69:in `tagged'
railties (5.0.1) lib/rails/rack/logger.rb:24:in `call'
sprockets-rails (3.2.0) lib/sprockets/rails/quiet_assets.rb:13:in `call'
actionpack (5.0.1) lib/action_dispatch/middleware/request_id.rb:24:in `call'
rack (2.0.1) lib/rack/method_override.rb:22:in `call'
rack (2.0.1) lib/rack/runtime.rb:22:in `call'
activesupport (5.0.1) lib/active_support/cache/strategy/local_cache_middleware.rb:28:in `call'
actionpack (5.0.1) lib/action_dispatch/middleware/executor.rb:12:in `call'
actionpack (5.0.1) lib/action_dispatch/middleware/static.rb:136:in `call'
rack (2.0.1) lib/rack/sendfile.rb:111:in `call'
railties (5.0.1) lib/rails/engine.rb:522:in `call'
puma (3.6.2) lib/puma/configuration.rb:225:in `call'
puma (3.6.2) lib/puma/server.rb:578:in `handle_request'
puma (3.6.2) lib/puma/server.rb:415:in `process_client'
puma (3.6.2) lib/puma/server.rb:275:in `block in run'
puma (3.6.2) lib/puma/thread_pool.rb:116:in `block in spawn_thread'
  Rendering /Users/adampahlevi/.rbenv/versions/2.3.0/lib/ruby/gems/2.3.0/gems/actionpack-5.0.1/lib/action_dispatch/middleware/templates/rescues/diagnostics.html.erb within rescues/layout
  Rendering /Users/adampahlevi/.rbenv/versions/2.3.0/lib/ruby/gems/2.3.0/gems/actionpack-5.0.1/lib/action_dispatch/middleware/templates/rescues/_source.html.erb
  Rendered /Users/adampahlevi/.rbenv/versions/2.3.0/lib/ruby/gems/2.3.0/gems/actionpack-5.0.1/lib/action_dispatch/middleware/templates/rescues/_source.html.erb (2.8ms)
  Rendering /Users/adampahlevi/.rbenv/versions/2.3.0/lib/ruby/gems/2.3.0/gems/actionpack-5.0.1/lib/action_dispatch/middleware/templates/rescues/_trace.html.erb
  Rendered /Users/adampahlevi/.rbenv/versions/2.3.0/lib/ruby/gems/2.3.0/gems/actionpack-5.0.1/lib/action_dispatch/middleware/templates/rescues/_trace.html.erb (1.5ms)
  Rendering /Users/adampahlevi/.rbenv/versions/2.3.0/lib/ruby/gems/2.3.0/gems/actionpack-5.0.1/lib/action_dispatch/middleware/templates/rescues/_request_and_response.html.erb
  Rendered /Users/adampahlevi/.rbenv/versions/2.3.0/lib/ruby/gems/2.3.0/gems/actionpack-5.0.1/lib/action_dispatch/middleware/templates/rescues/_request_and_response.html.erb (0.9ms)
  Rendered /Users/adampahlevi/.rbenv/versions/2.3.0/lib/ruby/gems/2.3.0/gems/actionpack-5.0.1/lib/action_dispatch/middleware/templates/rescues/diagnostics.html.erb within rescues/layout (68.8ms)
DEPRECATION WARNING: Passing #original_exception is deprecated and has no effect. Exceptions will automatically capture the original exception. (called from load at /Users/adampahlevi/.rbenv/versions/2.3.0/bin/rake:23)
  [1m[35m (1.5ms)[0m  [1m[35mCREATE TABLE "schema_migrations" ("version" varchar NOT NULL PRIMARY KEY)[0m
  [1m[35m (0.9ms)[0m  [1m[35mCREATE TABLE "ar_internal_metadata" ("key" varchar NOT NULL PRIMARY KEY, "value" varchar, "created_at" datetime NOT NULL, "updated_at" datetime NOT NULL)[0m
  [1m[36mActiveRecord::SchemaMigration Load (0.2ms)[0m  [1m[34mSELECT "schema_migrations".* FROM "schema_migrations"[0m
Migrating to CreateOrders (20161221090855)
  [1m[35m (0.1ms)[0m  [1m[36mbegin transaction[0m
  [1m[35m (0.4ms)[0m  [1m[35mCREATE TABLE "orders" ("id" INTEGER PRIMARY KEY AUTOINCREMENT NOT NULL, "transaction_status" varchar, "price" varchar, "created_at" datetime NOT NULL, "updated_at" datetime NOT NULL)[0m
  [1m[35mSQL (0.2ms)[0m  [1m[32mINSERT INTO "schema_migrations" ("version") VALUES (?)[0m  [["version", "20161221090855"]]
  [1m[35m (0.7ms)[0m  [1m[36mcommit transaction[0m
  [1m[36mActiveRecord::InternalMetadata Load (0.2ms)[0m  [1m[34mSELECT  "ar_internal_metadata".* FROM "ar_internal_metadata" WHERE "ar_internal_metadata"."key" = ? LIMIT ?[0m  [["key", :environment], ["LIMIT", 1]]
  [1m[35m (0.1ms)[0m  [1m[36mbegin transaction[0m
  [1m[35mSQL (0.3ms)[0m  [1m[32mINSERT INTO "ar_internal_metadata" ("key", "value", "created_at", "updated_at") VALUES (?, ?, ?, ?)[0m  [["key", "environment"], ["value", "development"], ["created_at", 2016-12-21 09:11:45 UTC], ["updated_at", 2016-12-21 09:11:45 UTC]]
  [1m[35m (0.6ms)[0m  [1m[36mcommit transaction[0m
  [1m[36mActiveRecord::SchemaMigration Load (0.1ms)[0m  [1m[34mSELECT "schema_migrations".* FROM "schema_migrations"[0m
Started GET "/cable" for ::1 at 2016-12-21 16:11:56 +0700
  [1m[36mActiveRecord::SchemaMigration Load (0.2ms)[0m  [1m[34mSELECT "schema_migrations".* FROM "schema_migrations"[0m
Started GET "/cable/" [WebSocket] for ::1 at 2016-12-21 16:11:56 +0700
Successfully upgraded to WebSocket (REQUEST_METHOD: GET, HTTP_CONNECTION: Upgrade, HTTP_UPGRADE: websocket)
Subscription class not found: "RoomsTextingChannel"
Started GET "/" for ::1 at 2016-12-21 16:12:01 +0700
Processing by HomeController#index as HTML
  [1m[35m (0.1ms)[0m  [1m[36mbegin transaction[0m
  [1m[35mSQL (0.8ms)[0m  [1m[32mINSERT INTO "orders" ("price", "created_at", "updated_at") VALUES (?, ?, ?)[0m  [["price", "30000"], ["created_at", 2016-12-21 09:12:01 UTC], ["updated_at", 2016-12-21 09:12:01 UTC]]
  [1m[35m (0.8ms)[0m  [1m[36mcommit transaction[0m
Completed 500 Internal Server Error in 32ms (ActiveRecord: 2.3ms)


  
RuntimeError (Please add server_key to config/veritrans.yml):
  
app/controllers/home_controller.rb:7:in `index'
  Rendering /Users/adampahlevi/.rbenv/versions/2.3.0/lib/ruby/gems/2.3.0/gems/actionpack-5.0.1/lib/action_dispatch/middleware/templates/rescues/diagnostics.html.erb within rescues/layout
  Rendering /Users/adampahlevi/.rbenv/versions/2.3.0/lib/ruby/gems/2.3.0/gems/actionpack-5.0.1/lib/action_dispatch/middleware/templates/rescues/_source.html.erb
  Rendered /Users/adampahlevi/.rbenv/versions/2.3.0/lib/ruby/gems/2.3.0/gems/actionpack-5.0.1/lib/action_dispatch/middleware/templates/rescues/_source.html.erb (5.1ms)
  Rendering /Users/adampahlevi/.rbenv/versions/2.3.0/lib/ruby/gems/2.3.0/gems/actionpack-5.0.1/lib/action_dispatch/middleware/templates/rescues/_trace.html.erb
  Rendered /Users/adampahlevi/.rbenv/versions/2.3.0/lib/ruby/gems/2.3.0/gems/actionpack-5.0.1/lib/action_dispatch/middleware/templates/rescues/_trace.html.erb (1.5ms)
  Rendering /Users/adampahlevi/.rbenv/versions/2.3.0/lib/ruby/gems/2.3.0/gems/actionpack-5.0.1/lib/action_dispatch/middleware/templates/rescues/_request_and_response.html.erb
  Rendered /Users/adampahlevi/.rbenv/versions/2.3.0/lib/ruby/gems/2.3.0/gems/actionpack-5.0.1/lib/action_dispatch/middleware/templates/rescues/_request_and_response.html.erb (2.2ms)
  Rendered /Users/adampahlevi/.rbenv/versions/2.3.0/lib/ruby/gems/2.3.0/gems/actionpack-5.0.1/lib/action_dispatch/middleware/templates/rescues/diagnostics.html.erb within rescues/layout (97.1ms)
Started GET "/" for ::1 at 2016-12-21 16:13:40 +0700
  [1m[36mActiveRecord::SchemaMigration Load (0.2ms)[0m  [1m[34mSELECT "schema_migrations".* FROM "schema_migrations"[0m
Processing by HomeController#index as HTML
  [1m[35m (0.1ms)[0m  [1m[36mbegin transaction[0m
  [1m[35mSQL (0.5ms)[0m  [1m[32mINSERT INTO "orders" ("price", "created_at", "updated_at") VALUES (?, ?, ?)[0m  [["price", "192000"], ["created_at", 2016-12-21 09:13:41 UTC], ["updated_at", 2016-12-21 09:13:41 UTC]]
  [1m[35m (0.8ms)[0m  [1m[36mcommit transaction[0m
Veritrans: POST https://app.sandbox.veritrans.co.id/snap/v1/transactions {"transaction_details":{"order_id":2,"gross_amount":"192000"}}
Veritrans: Using server key: VT-server-7CVlR3AJ8Dpkez3k_TeGJQZU
Started GET "/cable" for ::1 at 2016-12-21 16:13:42 +0700
Veritrans: got 7.05 sec 201 {"token":"f410d43c-0301-457b-bb39-b8cae829895b"}
  Rendering home/index.html.erb within layouts/application
  Rendered home/index.html.erb within layouts/application (2.0ms)
Completed 200 OK in 7330ms (Views: 251.4ms | ActiveRecord: 1.9ms)


Started GET "/cable/" [WebSocket] for ::1 at 2016-12-21 16:13:48 +0700
Successfully upgraded to WebSocket (REQUEST_METHOD: GET, HTTP_CONNECTION: Upgrade, HTTP_UPGRADE: websocket)
Finished "/cable/" [WebSocket] for ::1 at 2016-12-21 16:13:48 +0700
Started GET "/cable" for ::1 at 2016-12-21 16:13:50 +0700
Started GET "/cable/" [WebSocket] for ::1 at 2016-12-21 16:13:50 +0700
Successfully upgraded to WebSocket (REQUEST_METHOD: GET, HTTP_CONNECTION: Upgrade, HTTP_UPGRADE: websocket)
Subscription class not found: "RoomsTextingChannel"
Started GET "/" for ::1 at 2016-12-21 16:16:31 +0700
Processing by HomeController#index as HTML
  [1m[35m (4.5ms)[0m  [1m[36mbegin transaction[0m
  [1m[35mSQL (0.7ms)[0m  [1m[32mINSERT INTO "orders" ("price", "created_at", "updated_at") VALUES (?, ?, ?)[0m  [["price", "919000"], ["created_at", 2016-12-21 09:16:31 UTC], ["updated_at", 2016-12-21 09:16:31 UTC]]
  [1m[35m (0.8ms)[0m  [1m[36mcommit transaction[0m
Veritrans: POST https://app.sandbox.veritrans.co.id/snap/v1/transactions {"transaction_details":{"order_id":3,"gross_amount":"919000"}}
Veritrans: Using server key: VT-server-7CVlR3AJ8Dpkez3k_TeGJQZU
Veritrans: got 0.229 sec 201 {"token":"d0f31694-7f71-49cc-a3ae-42df2dc3855a"}
  Rendering home/index.html.erb within layouts/application
  Rendered home/index.html.erb within layouts/application (163.1ms)
Completed 500 Internal Server Error in 432ms (ActiveRecord: 6.0ms)


  
ActionView::Template::Error (undefined method `hidden_tag' for #<#<Class:0x007feed5979840>:0x007feed7375640>
Did you mean?  hidden_field_tag):
    1: <div class='cart'>
    2:   <%= hidden_tag :snap_token, @token %>
    3:   <div class='popup'>
    4:     <div class='row header'>
    5:       <span>Items</span>
  
app/views/home/index.html.erb:2:in `_app_views_home_index_html_erb___1324733147998261608_70331894869760'
  Rendering /Users/adampahlevi/.rbenv/versions/2.3.0/lib/ruby/gems/2.3.0/gems/actionpack-5.0.1/lib/action_dispatch/middleware/templates/rescues/template_error.html.erb within rescues/layout
  Rendering /Users/adampahlevi/.rbenv/versions/2.3.0/lib/ruby/gems/2.3.0/gems/actionpack-5.0.1/lib/action_dispatch/middleware/templates/rescues/_source.html.erb
  Rendered /Users/adampahlevi/.rbenv/versions/2.3.0/lib/ruby/gems/2.3.0/gems/actionpack-5.0.1/lib/action_dispatch/middleware/templates/rescues/_source.html.erb (4.1ms)
  Rendering /Users/adampahlevi/.rbenv/versions/2.3.0/lib/ruby/gems/2.3.0/gems/actionpack-5.0.1/lib/action_dispatch/middleware/templates/rescues/_trace.html.erb
  Rendered /Users/adampahlevi/.rbenv/versions/2.3.0/lib/ruby/gems/2.3.0/gems/actionpack-5.0.1/lib/action_dispatch/middleware/templates/rescues/_trace.html.erb (1.7ms)
  Rendering /Users/adampahlevi/.rbenv/versions/2.3.0/lib/ruby/gems/2.3.0/gems/actionpack-5.0.1/lib/action_dispatch/middleware/templates/rescues/_request_and_response.html.erb
  Rendered /Users/adampahlevi/.rbenv/versions/2.3.0/lib/ruby/gems/2.3.0/gems/actionpack-5.0.1/lib/action_dispatch/middleware/templates/rescues/_request_and_response.html.erb (0.8ms)
  Rendered /Users/adampahlevi/.rbenv/versions/2.3.0/lib/ruby/gems/2.3.0/gems/actionpack-5.0.1/lib/action_dispatch/middleware/templates/rescues/template_error.html.erb within rescues/layout (85.9ms)
Started GET "/" for ::1 at 2016-12-21 16:16:42 +0700
Processing by HomeController#index as HTML
  [1m[35m (0.1ms)[0m  [1m[36mbegin transaction[0m
  [1m[35mSQL (0.3ms)[0m  [1m[32mINSERT INTO "orders" ("price", "created_at", "updated_at") VALUES (?, ?, ?)[0m  [["price", "720000"], ["created_at", 2016-12-21 09:16:42 UTC], ["updated_at", 2016-12-21 09:16:42 UTC]]
  [1m[35m (0.8ms)[0m  [1m[36mcommit transaction[0m
Veritrans: POST https://app.sandbox.veritrans.co.id/snap/v1/transactions {"transaction_details":{"order_id":4,"gross_amount":"720000"}}
Veritrans: Using server key: VT-server-7CVlR3AJ8Dpkez3k_TeGJQZU
Veritrans: got 0.434 sec 201 {"token":"f4720cae-458e-445f-9ec6-6ce587213bce"}
  Rendering home/index.html.erb within layouts/application
  Rendered home/index.html.erb within layouts/application (0.6ms)
Completed 200 OK in 530ms (Views: 89.6ms | ActiveRecord: 1.1ms)


Started GET "/" for ::1 at 2016-12-21 16:18:03 +0700
Processing by HomeController#index as HTML
  [1m[35m (0.2ms)[0m  [1m[36mbegin transaction[0m
  [1m[35mSQL (2.9ms)[0m  [1m[32mINSERT INTO "orders" ("price", "created_at", "updated_at") VALUES (?, ?, ?)[0m  [["price", "722000"], ["created_at", 2016-12-21 09:18:03 UTC], ["updated_at", 2016-12-21 09:18:03 UTC]]
  [1m[35m (1.4ms)[0m  [1m[36mcommit transaction[0m
Veritrans: POST https://app.sandbox.veritrans.co.id/snap/v1/transactions {"transaction_details":{"order_id":5,"gross_amount":"722000"}}
Veritrans: Using server key: VT-server-7CVlR3AJ8Dpkez3k_TeGJQZU
Veritrans: got 0.533 sec 201 {"token":"58a58c79-0a79-40fe-8d84-482edb2d64a0"}
  Rendering home/index.html.erb within layouts/application
  Rendered home/index.html.erb within layouts/application (0.7ms)
Completed 200 OK in 634ms (Views: 85.8ms | ActiveRecord: 4.5ms)


Started GET "/" for ::1 at 2016-12-21 16:18:48 +0700
Processing by HomeController#index as HTML
  [1m[35m (0.1ms)[0m  [1m[36mbegin transaction[0m
  [1m[35mSQL (0.6ms)[0m  [1m[32mINSERT INTO "orders" ("price", "created_at", "updated_at") VALUES (?, ?, ?)[0m  [["price", "741000"], ["created_at", 2016-12-21 09:18:48 UTC], ["updated_at", 2016-12-21 09:18:48 UTC]]
  [1m[35m (2.0ms)[0m  [1m[36mcommit transaction[0m
Veritrans: POST https://app.sandbox.veritrans.co.id/snap/v1/transactions {"transaction_details":{"order_id":6,"gross_amount":"741000"}}
Veritrans: Using server key: VT-server-7CVlR3AJ8Dpkez3k_TeGJQZU
Veritrans: got 0.379 sec 201 {"token":"02a2b9a6-054e-437f-8d20-eace93e4d245"}
  Rendering home/index.html.erb within layouts/application
  Rendered home/index.html.erb within layouts/application (0.9ms)
Completed 200 OK in 436ms (Views: 43.3ms | ActiveRecord: 2.7ms)


Started GET "/" for ::1 at 2016-12-21 16:19:41 +0700
Processing by HomeController#index as HTML
  [1m[35m (0.1ms)[0m  [1m[36mbegin transaction[0m
  [1m[35mSQL (0.9ms)[0m  [1m[32mINSERT INTO "orders" ("price", "created_at", "updated_at") VALUES (?, ?, ?)[0m  [["price", "256000"], ["created_at", 2016-12-21 09:19:41 UTC], ["updated_at", 2016-12-21 09:19:41 UTC]]
  [1m[35m (1.7ms)[0m  [1m[36mcommit transaction[0m
Veritrans: POST https://app.sandbox.veritrans.co.id/snap/v1/transactions {"transaction_details":{"order_id":7,"gross_amount":"256000"}}
Veritrans: Using server key: VT-server-7CVlR3AJ8Dpkez3k_TeGJQZU
Veritrans: got 0.191 sec 201 {"token":"1cbfee01-3cd4-4d6f-a66f-05481bf2995c"}
  Rendering home/index.html.erb within layouts/application
  Rendered home/index.html.erb within layouts/application (0.9ms)
Completed 200 OK in 306ms (Views: 104.1ms | ActiveRecord: 2.7ms)


