# Logfile created on 2016-12-21 16:12:01 +0700 by logger.rb/53141
I, [2016-12-21T16:12:01.938575 #48356]  INFO -- : Perform https://app.sandbox.veritrans.co.id/snap/v1/transactions 
Sending: {"transaction_details":{"order_id":1,"gross_amount":"30000"}}
I, [2016-12-21T16:13:41.049828 #48562]  INFO -- : Perform https://app.sandbox.veritrans.co.id/snap/v1/transactions 
Sending: {"transaction_details":{"order_id":2,"gross_amount":"192000"}}
I, [2016-12-21T16:13:48.101090 #48562]  INFO -- : Success https://app.sandbox.veritrans.co.id/snap/v1/transactions 
Got: {"token":"f410d43c-0301-457b-bb39-b8cae829895b"}

I, [2016-12-21T16:16:32.005149 #48562]  INFO -- : Perform https://app.sandbox.veritrans.co.id/snap/v1/transactions 
Sending: {"transaction_details":{"order_id":3,"gross_amount":"919000"}}
I, [2016-12-21T16:16:32.238125 #48562]  INFO -- : Success https://app.sandbox.veritrans.co.id/snap/v1/transactions 
Got: {"token":"d0f31694-7f71-49cc-a3ae-42df2dc3855a"}

I, [2016-12-21T16:16:42.019055 #48562]  INFO -- : Perform https://app.sandbox.veritrans.co.id/snap/v1/transactions 
Sending: {"transaction_details":{"order_id":4,"gross_amount":"720000"}}
I, [2016-12-21T16:16:42.453775 #48562]  INFO -- : Success https://app.sandbox.veritrans.co.id/snap/v1/transactions 
Got: {"token":"f4720cae-458e-445f-9ec6-6ce587213bce"}

I, [2016-12-21T16:18:03.620017 #48562]  INFO -- : Perform https://app.sandbox.veritrans.co.id/snap/v1/transactions 
Sending: {"transaction_details":{"order_id":5,"gross_amount":"722000"}}
I, [2016-12-21T16:18:04.154618 #48562]  INFO -- : Success https://app.sandbox.veritrans.co.id/snap/v1/transactions 
Got: {"token":"58a58c79-0a79-40fe-8d84-482edb2d64a0"}

I, [2016-12-21T16:18:48.654938 #48562]  INFO -- : Perform https://app.sandbox.veritrans.co.id/snap/v1/transactions 
Sending: {"transaction_details":{"order_id":6,"gross_amount":"741000"}}
I, [2016-12-21T16:18:49.037354 #48562]  INFO -- : Success https://app.sandbox.veritrans.co.id/snap/v1/transactions 
Got: {"token":"02a2b9a6-054e-437f-8d20-eace93e4d245"}

I, [2016-12-21T16:19:41.207034 #48562]  INFO -- : Perform https://app.sandbox.veritrans.co.id/snap/v1/transactions 
Sending: {"transaction_details":{"order_id":7,"gross_amount":"256000"}}
I, [2016-12-21T16:19:41.399558 #48562]  INFO -- : Success https://app.sandbox.veritrans.co.id/snap/v1/transactions 
Got: {"token":"1cbfee01-3cd4-4d6f-a66f-05481bf2995c"}

